<?xml version="1.0" encoding="UTF-8"?>
<testng-results skipped="0" failed="0" total="2" passed="2">
  <reporter-output>
  </reporter-output>
  <suite name="Test-method Suite" duration-ms="33" started-at="2017-12-04T06:37:26Z" finished-at="2017-12-04T06:37:26Z">
    <groups>
    </groups>
    <test name="Test-method test" duration-ms="33" started-at="2017-12-04T06:37:26Z" finished-at="2017-12-04T06:37:26Z">
      <class name="com.howtodoinjava.parallelism.ParallelMethodTest">
        <test-method status="PASS" signature="beforeMethod()[pri:0, instance:com.howtodoinjava.parallelism.ParallelMethodTest@371d1794]" name="beforeMethod" is-config="true" duration-ms="8" started-at="2017-12-04T14:37:26Z" finished-at="2017-12-04T14:37:26Z">
          <reporter-output>
          </reporter-output>
        </test-method> <!-- beforeMethod -->
        <test-method status="PASS" signature="beforeMethod()[pri:0, instance:com.howtodoinjava.parallelism.ParallelMethodTest@371d1794]" name="beforeMethod" is-config="true" duration-ms="8" started-at="2017-12-04T14:37:26Z" finished-at="2017-12-04T14:37:26Z">
          <reporter-output>
          </reporter-output>
        </test-method> <!-- beforeMethod -->
        <test-method status="PASS" signature="testMethodsOne()[pri:0, instance:com.howtodoinjava.parallelism.ParallelMethodTest@371d1794]" name="testMethodsOne" duration-ms="5" started-at="2017-12-04T14:37:26Z" finished-at="2017-12-04T14:37:26Z">
          <reporter-output>
          </reporter-output>
        </test-method> <!-- testMethodsOne -->
        <test-method status="PASS" signature="testMethodsTwo()[pri:0, instance:com.howtodoinjava.parallelism.ParallelMethodTest@371d1794]" name="testMethodsTwo" duration-ms="4" started-at="2017-12-04T14:37:26Z" finished-at="2017-12-04T14:37:26Z">
          <reporter-output>
          </reporter-output>
        </test-method> <!-- testMethodsTwo -->
        <test-method status="PASS" signature="afterMethod()[pri:0, instance:com.howtodoinjava.parallelism.ParallelMethodTest@371d1794]" name="afterMethod" is-config="true" duration-ms="1" started-at="2017-12-04T14:37:26Z" finished-at="2017-12-04T14:37:26Z">
          <reporter-output>
          </reporter-output>
        </test-method> <!-- afterMethod -->
        <test-method status="PASS" signature="afterMethod()[pri:0, instance:com.howtodoinjava.parallelism.ParallelMethodTest@371d1794]" name="afterMethod" is-config="true" duration-ms="0" started-at="2017-12-04T14:37:26Z" finished-at="2017-12-04T14:37:26Z">
          <reporter-output>
          </reporter-output>
        </test-method> <!-- afterMethod -->
      </class> <!-- com.howtodoinjava.parallelism.ParallelMethodTest -->
    </test> <!-- Test-method test -->
  </suite> <!-- Test-method Suite -->
</testng-results>
